ERROR - 2022-06-22 11:36:26 --> Error connecting to the database: Nenhuma conexão pôde ser feita porque a máquina de destino as recusou ativamente.

CRITICAL - 2022-06-22 11:56:46 --> Invalid file: styles.css
#0 C:\wamp64\www\ci_carro\system\View\View.php(198): CodeIgniter\Exceptions\FrameworkException::forInvalidFile('styles.css')
#1 C:\wamp64\www\ci_carro\system\Common.php(1089): CodeIgniter\View\View->render('styles.css', Array, true)
#2 C:\wamp64\www\ci_carro\app\Controllers\Home.php(22): view('styles.css')
#3 C:\wamp64\www\ci_carro\system\CodeIgniter.php(825): App\Controllers\Home->page('styles.css')
#4 C:\wamp64\www\ci_carro\system\CodeIgniter.php(412): CodeIgniter\CodeIgniter->runController(Object(App\Controllers\Home))
#5 C:\wamp64\www\ci_carro\system\CodeIgniter.php(320): CodeIgniter\CodeIgniter->handleRequest(NULL, Object(Config\Cache), false)
#6 C:\wamp64\www\ci_carro\public\index.php(37): CodeIgniter\CodeIgniter->run()
#7 C:\wamp64\www\ci_carro\system\Commands\Server\rewrite.php(43): require_once('C:\\wamp64\\www\\c...')
#8 {main}
CRITICAL - 2022-06-22 11:56:47 --> Invalid file: styles.css
#0 C:\wamp64\www\ci_carro\system\View\View.php(198): CodeIgniter\Exceptions\FrameworkException::forInvalidFile('styles.css')
#1 C:\wamp64\www\ci_carro\system\Common.php(1089): CodeIgniter\View\View->render('styles.css', Array, true)
#2 C:\wamp64\www\ci_carro\app\Controllers\Home.php(22): view('styles.css')
#3 C:\wamp64\www\ci_carro\system\CodeIgniter.php(825): App\Controllers\Home->page('styles.css')
#4 C:\wamp64\www\ci_carro\system\CodeIgniter.php(412): CodeIgniter\CodeIgniter->runController(Object(App\Controllers\Home))
#5 C:\wamp64\www\ci_carro\system\CodeIgniter.php(320): CodeIgniter\CodeIgniter->handleRequest(NULL, Object(Config\Cache), false)
#6 C:\wamp64\www\ci_carro\public\index.php(37): CodeIgniter\CodeIgniter->run()
#7 C:\wamp64\www\ci_carro\system\Commands\Server\rewrite.php(43): require_once('C:\\wamp64\\www\\c...')
#8 {main}
